2025-09-19 14:46:33,144 - WARNING - Reference directory D:/Shantanu/MBTR/sky-survey/MobilTelesco_Processed/reference_images does not exist
2025-09-19 14:46:33,144 - WARNING - No Reference images found in D:/Shantanu/MBTR/sky-survey/MobilTelesco_Processed/reference_images
2025-09-19 14:46:33,145 - WARNING - Skipping empty dataset for split train
2025-09-19 14:46:33,148 - WARNING - Reference directory D:/Shantanu/MBTR/sky-survey/MobilTelesco_Processed/reference_images does not exist
2025-09-19 14:46:33,148 - WARNING - No Reference images found in D:/Shantanu/MBTR/sky-survey/MobilTelesco_Processed/reference_images
2025-09-19 14:46:33,148 - WARNING - Skipping empty dataset for split val
2025-09-19 14:46:33,149 - WARNING - Reference directory D:/Shantanu/MBTR/sky-survey/MobilTelesco_Processed/reference_images does not exist
2025-09-19 14:46:33,157 - WARNING - No Reference images found in D:/Shantanu/MBTR/sky-survey/MobilTelesco_Processed/reference_images
2025-09-19 14:46:33,157 - WARNING - Skipping empty dataset for split test
2025-09-19 14:46:33,157 - ERROR - No valid datasets found, exiting training
2025-09-19 17:42:13,697 - INFO - Epoch 1/50
2025-09-19 17:42:14,856 - INFO - Batch 0 - PSNR: -1.8763, SSIM: 0.0016
2025-09-19 17:42:22,485 - INFO - Batch 10 - PSNR: 2.3244, SSIM: 0.0029
2025-09-19 17:42:30,063 - INFO - Batch 20 - PSNR: 4.4740, SSIM: 0.0071
2025-09-19 17:42:37,638 - INFO - Batch 30 - PSNR: 8.9585, SSIM: 0.0392
2025-09-19 17:42:45,291 - INFO - Batch 40 - PSNR: 12.5215, SSIM: 0.0964
2025-09-19 17:42:53,026 - INFO - Batch 50 - PSNR: 17.2001, SSIM: 0.1426
2025-09-19 17:42:58,293 - INFO - train G Loss: 11.2115, D Loss: 0.4265
2025-09-19 17:43:40,955 - INFO - val G Loss: 109.4750, D Loss: 48.4104
2025-09-19 17:44:23,513 - INFO - test G Loss: 109.5189, D Loss: 50.0000
2025-09-19 17:44:23,565 - INFO - Ensemble Variance: 0.4014
2025-09-19 17:44:23,644 - INFO - Saved inference image to inferences
2025-09-19 17:44:23,644 - INFO - Epoch 2/50
2025-09-19 17:44:24,530 - INFO - Batch 0 - PSNR: 2.4911, SSIM: 0.0580
2025-09-19 17:44:32,103 - INFO - Batch 10 - PSNR: 20.8953, SSIM: 0.4858
2025-09-19 17:44:39,620 - INFO - Batch 20 - PSNR: 23.1101, SSIM: 0.4086
2025-09-19 17:44:47,132 - INFO - Batch 30 - PSNR: 24.1264, SSIM: 0.5514
2025-09-19 17:44:54,648 - INFO - Batch 40 - PSNR: 2.3444, SSIM: 0.0963
2025-09-19 17:45:02,169 - INFO - Batch 50 - PSNR: 3.7736, SSIM: 0.1586
2025-09-19 17:45:07,335 - INFO - train G Loss: 5.8614, D Loss: 1.2044
2025-09-19 17:45:49,601 - INFO - val G Loss: 12.4539, D Loss: 48.4293
2025-09-19 17:46:31,857 - INFO - test G Loss: 9.7350, D Loss: 50.0000
2025-09-19 17:46:31,903 - INFO - Ensemble Variance: 0.2416
2025-09-19 17:46:31,960 - INFO - Saved inference image to inferences
2025-09-19 17:46:31,960 - INFO - Epoch 3/50
2025-09-19 17:46:32,870 - INFO - Batch 0 - PSNR: 11.5722, SSIM: 0.0648
2025-09-19 17:46:40,436 - INFO - Batch 10 - PSNR: 17.8837, SSIM: 0.1903
2025-09-19 17:46:48,010 - INFO - Batch 20 - PSNR: 17.7896, SSIM: 0.3653
2025-09-19 17:46:55,588 - INFO - Batch 30 - PSNR: 16.5312, SSIM: 0.3337
2025-09-19 17:47:03,161 - INFO - Batch 40 - PSNR: 19.2961, SSIM: 0.1943
2025-09-19 17:47:10,768 - INFO - Batch 50 - PSNR: 19.8789, SSIM: 0.2183
2025-09-19 17:47:15,995 - INFO - train G Loss: 6.1872, D Loss: 0.5319
2025-09-19 17:47:58,353 - INFO - val G Loss: 4.8222, D Loss: 47.4350
2025-09-19 17:48:40,705 - INFO - test G Loss: 4.3990, D Loss: 50.0000
2025-09-19 17:48:40,758 - INFO - Ensemble Variance: 0.0160
2025-09-19 17:48:40,901 - INFO - Saved inference image to inferences
2025-09-19 17:48:40,901 - INFO - Epoch 4/50
2025-09-19 17:48:41,790 - INFO - Batch 0 - PSNR: 17.6492, SSIM: 0.4847
2025-09-19 17:48:49,372 - INFO - Batch 10 - PSNR: 17.5884, SSIM: 0.5045
2025-09-19 17:48:56,949 - INFO - Batch 20 - PSNR: 17.2156, SSIM: 0.4754
2025-09-19 17:49:04,530 - INFO - Batch 30 - PSNR: 2.3173, SSIM: 0.2080
2025-09-19 17:49:12,115 - INFO - Batch 40 - PSNR: 16.5488, SSIM: 0.4322
2025-09-19 17:49:19,687 - INFO - Batch 50 - PSNR: 16.6866, SSIM: 0.3957
2025-09-19 17:49:24,919 - INFO - train G Loss: 5.1640, D Loss: 1.4164
2025-09-19 17:50:07,286 - INFO - val G Loss: 100.2280, D Loss: 47.2928
2025-09-19 17:50:49,638 - INFO - test G Loss: 104.1334, D Loss: 49.9911
2025-09-19 17:50:49,691 - INFO - Ensemble Variance: 0.0084
2025-09-19 17:50:49,718 - INFO - Saved inference image to inferences
2025-09-19 17:50:49,719 - INFO - Epoch 5/50
2025-09-19 17:50:50,610 - INFO - Batch 0 - PSNR: 19.9212, SSIM: 0.3656
2025-09-19 17:50:58,190 - INFO - Batch 10 - PSNR: 3.1156, SSIM: 0.2282
2025-09-19 17:51:05,792 - INFO - Batch 20 - PSNR: 19.6527, SSIM: 0.2453
2025-09-19 17:51:13,363 - INFO - Batch 30 - PSNR: 20.0597, SSIM: 0.3807
2025-09-19 17:51:20,937 - INFO - Batch 40 - PSNR: 18.5106, SSIM: 0.3443
2025-09-19 17:51:28,514 - INFO - Batch 50 - PSNR: 16.5383, SSIM: 0.2674
2025-09-19 17:51:33,749 - INFO - train G Loss: 5.1824, D Loss: 0.4619
2025-09-19 17:51:33,940 - INFO - Saved checkpoint at epoch 5
2025-09-19 17:52:16,337 - INFO - val G Loss: 101.1284, D Loss: 48.1992
2025-09-19 17:52:58,744 - INFO - test G Loss: 102.2021, D Loss: 49.9949
2025-09-19 17:52:58,799 - INFO - Ensemble Variance: 0.0010
2025-09-19 17:52:58,908 - INFO - Saved inference image to inferences
2025-09-19 17:52:58,908 - INFO - Epoch 6/50
2025-09-19 17:52:59,800 - INFO - Batch 0 - PSNR: 22.6408, SSIM: 0.4401
2025-09-19 17:53:07,374 - INFO - Batch 10 - PSNR: 21.0801, SSIM: 0.2899
2025-09-19 17:53:14,959 - INFO - Batch 20 - PSNR: 20.1455, SSIM: 0.2845
2025-09-19 17:53:22,528 - INFO - Batch 30 - PSNR: 5.0519, SSIM: 0.2494
2025-09-19 17:53:30,106 - INFO - Batch 40 - PSNR: 16.4213, SSIM: 0.4315
2025-09-19 17:53:37,697 - INFO - Batch 50 - PSNR: 14.1566, SSIM: 0.3868
2025-09-19 17:53:42,924 - INFO - train G Loss: 4.9548, D Loss: 0.6303
2025-09-19 17:54:25,296 - INFO - val G Loss: 7.6401, D Loss: 49.1481
2025-09-19 17:55:07,685 - INFO - test G Loss: 2.5429, D Loss: 50.0000
2025-09-19 17:55:07,737 - INFO - Ensemble Variance: 0.0278
2025-09-19 17:55:07,789 - INFO - Saved inference image to inferences
2025-09-19 17:55:07,790 - INFO - Epoch 7/50
2025-09-19 17:55:08,696 - INFO - Batch 0 - PSNR: 18.8835, SSIM: 0.1617
2025-09-19 17:55:16,279 - INFO - Batch 10 - PSNR: 19.3609, SSIM: 0.1758
2025-09-19 17:55:23,861 - INFO - Batch 20 - PSNR: 2.0946, SSIM: 0.2110
2025-09-19 17:55:31,439 - INFO - Batch 30 - PSNR: 16.4241, SSIM: 0.3681
2025-09-19 17:55:39,031 - INFO - Batch 40 - PSNR: 16.4101, SSIM: 0.3448
2025-09-19 17:55:46,634 - INFO - Batch 50 - PSNR: 19.5489, SSIM: 0.1867
2025-09-19 17:55:51,860 - INFO - train G Loss: 4.6780, D Loss: 0.5511
2025-09-19 17:56:34,199 - INFO - val G Loss: 103.0246, D Loss: 47.8576
2025-09-19 17:57:16,605 - INFO - test G Loss: 104.8694, D Loss: 50.0000
2025-09-19 17:57:16,659 - INFO - Ensemble Variance: 0.0283
2025-09-19 17:57:16,708 - INFO - Saved inference image to inferences
2025-09-19 17:57:16,709 - INFO - Epoch 8/50
2025-09-19 17:57:17,605 - INFO - Batch 0 - PSNR: 19.4429, SSIM: 0.2209
2025-09-19 17:57:25,173 - INFO - Batch 10 - PSNR: 17.4082, SSIM: 0.2145
2025-09-19 17:57:32,749 - INFO - Batch 20 - PSNR: 17.9735, SSIM: 0.2251
2025-09-19 17:57:40,330 - INFO - Batch 30 - PSNR: 19.3098, SSIM: 0.4381
2025-09-19 17:57:47,911 - INFO - Batch 40 - PSNR: 2.2450, SSIM: 0.1886
2025-09-19 17:57:55,487 - INFO - Batch 50 - PSNR: 20.8821, SSIM: 0.3747
2025-09-19 17:58:00,725 - INFO - train G Loss: 4.7340, D Loss: 0.6577
2025-09-19 17:58:43,053 - INFO - val G Loss: 105.7590, D Loss: 49.1584
2025-09-19 17:59:25,367 - INFO - test G Loss: 107.0251, D Loss: 50.0000
2025-09-19 17:59:25,421 - INFO - Ensemble Variance: 0.0999
2025-09-19 17:59:25,631 - INFO - Saved inference image to inferences
2025-09-19 17:59:25,633 - INFO - Epoch 9/50
2025-09-19 17:59:26,530 - INFO - Batch 0 - PSNR: 2.4594, SSIM: 0.2000
2025-09-19 17:59:34,106 - INFO - Batch 10 - PSNR: 1.7554, SSIM: 0.2169
2025-09-19 17:59:41,686 - INFO - Batch 20 - PSNR: 20.9774, SSIM: 0.1964
2025-09-19 17:59:49,265 - INFO - Batch 30 - PSNR: 20.3020, SSIM: 0.2332
2025-09-19 17:59:56,851 - INFO - Batch 40 - PSNR: 18.3775, SSIM: 0.1834
2025-09-19 18:00:04,431 - INFO - Batch 50 - PSNR: 3.9955, SSIM: 0.2094
2025-09-19 18:00:09,662 - INFO - train G Loss: 5.5944, D Loss: 1.8068
2025-09-19 18:00:52,006 - INFO - val G Loss: 7.3077, D Loss: 47.6376
2025-09-19 18:01:34,371 - INFO - test G Loss: 5.8855, D Loss: 50.0000
2025-09-19 18:01:34,432 - INFO - Ensemble Variance: 0.0559
2025-09-19 18:01:34,498 - INFO - Saved inference image to inferences
2025-09-19 18:01:34,499 - INFO - Epoch 10/50
2025-09-19 18:01:35,396 - INFO - Batch 0 - PSNR: 13.9640, SSIM: 0.1857
2025-09-19 18:01:42,978 - INFO - Batch 10 - PSNR: 18.6790, SSIM: 0.3923
2025-09-19 18:01:50,559 - INFO - Batch 20 - PSNR: 3.0572, SSIM: 0.2082
2025-09-19 18:01:58,143 - INFO - Batch 30 - PSNR: 22.4382, SSIM: 0.2811
2025-09-19 18:02:05,728 - INFO - Batch 40 - PSNR: 19.9462, SSIM: 0.2834
2025-09-19 18:02:13,308 - INFO - Batch 50 - PSNR: 14.3521, SSIM: 0.2432
2025-09-19 18:02:18,538 - INFO - train G Loss: 5.1317, D Loss: 0.5380
2025-09-19 18:02:18,714 - INFO - Saved checkpoint at epoch 10
2025-09-19 18:03:01,106 - INFO - val G Loss: 99.5678, D Loss: 48.4994
2025-09-19 18:03:43,519 - INFO - test G Loss: 101.8499, D Loss: 50.0000
2025-09-19 18:03:43,572 - INFO - Ensemble Variance: 0.0014
2025-09-19 18:03:43,678 - INFO - Saved inference image to inferences
2025-09-19 18:03:43,679 - INFO - Epoch 11/50
2025-09-19 18:03:44,584 - INFO - Batch 0 - PSNR: 15.2956, SSIM: 0.2229
2025-09-19 18:03:52,160 - INFO - Batch 10 - PSNR: 19.6929, SSIM: 0.1977
2025-09-19 18:03:59,753 - INFO - Batch 20 - PSNR: 18.1348, SSIM: 0.2155
2025-09-19 18:04:07,327 - INFO - Batch 30 - PSNR: 15.5045, SSIM: 0.2284
2025-09-19 18:04:14,904 - INFO - Batch 40 - PSNR: 21.9285, SSIM: 0.2568
2025-09-19 18:04:22,479 - INFO - Batch 50 - PSNR: 5.0144, SSIM: 0.2420
2025-09-19 18:04:27,706 - INFO - train G Loss: 4.7813, D Loss: 0.6719
2025-09-19 18:05:10,037 - INFO - val G Loss: 199.1130, D Loss: 48.9082
2025-09-19 18:05:52,355 - INFO - test G Loss: 201.4030, D Loss: 50.0000
2025-09-19 18:05:52,409 - INFO - Ensemble Variance: 0.8286
2025-09-19 18:05:52,447 - INFO - Saved inference image to inferences
2025-09-19 18:05:52,447 - INFO - Epoch 12/50
2025-09-19 18:05:53,342 - INFO - Batch 0 - PSNR: 1.8080, SSIM: 0.0662
2025-09-19 18:06:00,929 - INFO - Batch 10 - PSNR: 8.9782, SSIM: 0.1192
2025-09-19 18:06:08,517 - INFO - Batch 20 - PSNR: 10.3659, SSIM: 0.1055
2025-09-19 18:06:16,092 - INFO - Batch 30 - PSNR: 12.3044, SSIM: 0.0926
2025-09-19 18:06:23,665 - INFO - Batch 40 - PSNR: 11.4523, SSIM: 0.1411
2025-09-19 18:06:31,244 - INFO - Batch 50 - PSNR: 10.5831, SSIM: 0.1095
2025-09-19 18:06:36,470 - INFO - train G Loss: 3.8215, D Loss: 1.4346
2025-09-19 18:07:18,808 - INFO - val G Loss: 4.5868, D Loss: 49.2835
2025-09-19 18:08:01,153 - INFO - test G Loss: 4.4790, D Loss: 50.0000
2025-09-19 18:08:01,206 - INFO - Ensemble Variance: 0.0058
2025-09-19 18:08:01,261 - INFO - Saved inference image to inferences
2025-09-19 18:08:01,261 - INFO - Epoch 13/50
2025-09-19 18:08:02,153 - INFO - Batch 0 - PSNR: 10.2453, SSIM: 0.0368
2025-09-19 18:08:09,727 - INFO - Batch 10 - PSNR: 12.8034, SSIM: 0.1498
2025-09-19 18:08:17,459 - INFO - Batch 20 - PSNR: 4.0359, SSIM: 0.0778
2025-09-19 18:08:25,346 - INFO - Batch 30 - PSNR: 12.2012, SSIM: 0.1084
2025-09-19 18:08:33,403 - INFO - Batch 40 - PSNR: 12.8058, SSIM: 0.1136
2025-09-19 18:08:41,241 - INFO - Batch 50 - PSNR: 12.3908, SSIM: 0.1080
2025-09-19 18:08:46,577 - INFO - train G Loss: 3.7996, D Loss: 0.6336
2025-09-19 18:09:30,056 - INFO - val G Loss: 4.6478, D Loss: 47.2256
2025-09-19 18:10:12,535 - INFO - test G Loss: 2.5692, D Loss: 50.0000
2025-09-19 18:10:12,587 - INFO - Ensemble Variance: 0.0009
2025-09-19 18:10:12,648 - INFO - Saved inference image to inferences
2025-09-19 18:10:12,648 - INFO - Epoch 14/50
2025-09-19 18:10:13,534 - INFO - Batch 0 - PSNR: 13.3731, SSIM: 0.1838
2025-09-19 18:10:21,135 - INFO - Batch 10 - PSNR: 11.7521, SSIM: 0.1481
2025-09-19 18:10:28,660 - INFO - Batch 20 - PSNR: 13.2519, SSIM: 0.0995
2025-09-19 18:10:36,201 - INFO - Batch 30 - PSNR: 11.3218, SSIM: 0.1609
2025-09-19 18:10:43,742 - INFO - Batch 40 - PSNR: 3.6712, SSIM: 0.1429
2025-09-19 18:10:51,288 - INFO - Batch 50 - PSNR: 14.6575, SSIM: 0.1565
2025-09-19 18:10:56,473 - INFO - train G Loss: 3.7209, D Loss: 0.3587
2025-09-19 18:11:38,958 - INFO - val G Loss: 75.2748, D Loss: 43.8222
2025-09-19 18:12:21,406 - INFO - test G Loss: 3.9622, D Loss: 50.0000
2025-09-19 18:12:21,467 - INFO - Ensemble Variance: 0.0122
2025-09-19 18:12:21,560 - INFO - Saved inference image to inferences
2025-09-19 18:12:21,560 - INFO - Epoch 15/50
2025-09-19 18:12:22,488 - INFO - Batch 0 - PSNR: 2.9963, SSIM: 0.1154
2025-09-19 18:12:30,259 - INFO - Batch 10 - PSNR: 13.9181, SSIM: 0.1839
2025-09-19 18:12:38,052 - INFO - Batch 20 - PSNR: 15.8941, SSIM: 0.1667
2025-09-19 18:12:45,840 - INFO - Batch 30 - PSNR: 15.0753, SSIM: 0.1940
2025-09-19 18:12:53,788 - INFO - Batch 40 - PSNR: 15.4926, SSIM: 0.1175
2025-09-19 18:13:02,145 - INFO - Batch 50 - PSNR: 14.7379, SSIM: 0.2052
2025-09-19 18:13:07,529 - INFO - train G Loss: 4.7393, D Loss: 1.1729
2025-09-19 18:13:07,802 - INFO - Saved checkpoint at epoch 15
2025-09-19 18:13:52,169 - INFO - val G Loss: 7.6083, D Loss: 49.1465
2025-09-19 18:14:35,485 - INFO - test G Loss: 4.3258, D Loss: 50.0000
2025-09-19 18:14:35,555 - INFO - Ensemble Variance: 0.0194
2025-09-19 18:14:35,740 - INFO - Saved inference image to inferences
2025-09-19 18:14:35,745 - INFO - Epoch 16/50
2025-09-19 18:14:36,760 - INFO - Batch 0 - PSNR: 15.7392, SSIM: 0.2658
2025-09-19 18:14:44,570 - INFO - Batch 10 - PSNR: 2.1351, SSIM: 0.1428
2025-09-19 18:14:52,395 - INFO - Batch 20 - PSNR: 2.5533, SSIM: 0.1474
2025-09-19 18:15:00,210 - INFO - Batch 30 - PSNR: 14.4639, SSIM: 0.2368
2025-09-19 18:15:07,997 - INFO - Batch 40 - PSNR: 15.7404, SSIM: 0.2470
2025-09-19 18:15:15,804 - INFO - Batch 50 - PSNR: 2.7749, SSIM: 0.1467
2025-09-19 18:15:21,097 - INFO - train G Loss: 4.6433, D Loss: 0.4823
2025-09-19 18:16:04,372 - INFO - val G Loss: 8.0237, D Loss: 49.3057
2025-09-19 18:16:47,651 - INFO - test G Loss: 7.0182, D Loss: 50.0000
2025-09-19 18:16:47,720 - INFO - Ensemble Variance: 0.0257
2025-09-19 18:16:47,794 - INFO - Saved inference image to inferences
2025-09-19 18:16:47,794 - INFO - Epoch 17/50
2025-09-19 18:16:48,789 - INFO - Batch 0 - PSNR: 13.5120, SSIM: 0.1254
2025-09-19 18:16:56,581 - INFO - Batch 10 - PSNR: 1.7994, SSIM: 0.1547
2025-09-19 18:17:04,391 - INFO - Batch 20 - PSNR: 17.5099, SSIM: 0.2684
2025-09-19 18:17:12,181 - INFO - Batch 30 - PSNR: 17.7791, SSIM: 0.2339
2025-09-19 18:17:19,997 - INFO - Batch 40 - PSNR: 17.0369, SSIM: 0.2605
2025-09-19 18:17:27,777 - INFO - Batch 50 - PSNR: 17.8223, SSIM: 0.2849
2025-09-19 18:17:33,074 - INFO - train G Loss: 4.3766, D Loss: 5.2826
2025-09-19 18:18:16,352 - INFO - val G Loss: 4.2679, D Loss: 49.1447
2025-09-19 18:18:59,675 - INFO - test G Loss: 4.3163, D Loss: 50.0000
2025-09-19 18:18:59,746 - INFO - Ensemble Variance: 0.0976
2025-09-19 18:18:59,808 - INFO - Saved inference image to inferences
2025-09-19 18:18:59,809 - INFO - Epoch 18/50
2025-09-19 18:19:00,802 - INFO - Batch 0 - PSNR: 14.5781, SSIM: 0.2175
2025-09-19 18:19:08,602 - INFO - Batch 10 - PSNR: 15.6661, SSIM: 0.2125
2025-09-19 18:19:16,409 - INFO - Batch 20 - PSNR: 16.0022, SSIM: 0.1301
2025-09-19 18:19:24,199 - INFO - Batch 30 - PSNR: 15.6454, SSIM: 0.2451
2025-09-19 18:19:31,993 - INFO - Batch 40 - PSNR: 16.5051, SSIM: 0.1801
2025-09-19 18:19:39,792 - INFO - Batch 50 - PSNR: 1.9956, SSIM: 0.1529
2025-09-19 18:19:45,073 - INFO - train G Loss: 4.0817, D Loss: 1.4309
2025-09-19 18:20:28,344 - INFO - val G Loss: 6.9479, D Loss: 48.4559
2025-09-19 18:21:11,564 - INFO - test G Loss: 6.0320, D Loss: 50.0000
2025-09-19 18:21:11,634 - INFO - Ensemble Variance: 0.0262
2025-09-19 18:21:11,764 - INFO - Saved inference image to inferences
2025-09-19 18:21:11,765 - INFO - Epoch 19/50
2025-09-19 18:21:12,757 - INFO - Batch 0 - PSNR: 18.2465, SSIM: 0.2759
2025-09-19 18:21:20,579 - INFO - Batch 10 - PSNR: 17.5214, SSIM: 0.3252
2025-09-19 18:21:28,346 - INFO - Batch 20 - PSNR: 19.9546, SSIM: 0.2235
2025-09-19 18:21:36,146 - INFO - Batch 30 - PSNR: 2.9307, SSIM: 0.2059
2025-09-19 18:21:43,931 - INFO - Batch 40 - PSNR: 19.3981, SSIM: 0.2272
2025-09-19 18:21:51,732 - INFO - Batch 50 - PSNR: 21.3079, SSIM: 0.2431
2025-09-19 18:21:57,013 - INFO - train G Loss: 4.0452, D Loss: 2.8140
2025-09-19 18:22:40,382 - INFO - val G Loss: 9.6185, D Loss: 1.2395
2025-09-19 18:23:23,713 - INFO - test G Loss: 8.7215, D Loss: 0.5467
2025-09-19 18:23:23,780 - INFO - Ensemble Variance: 0.0723
2025-09-19 18:23:23,915 - INFO - Saved inference image to inferences
2025-09-19 18:23:23,915 - INFO - Epoch 20/50
2025-09-19 18:23:24,910 - INFO - Batch 0 - PSNR: 23.1507, SSIM: 0.3725
2025-09-19 18:23:32,711 - INFO - Batch 10 - PSNR: 20.7231, SSIM: 0.3127
2025-09-19 18:23:40,515 - INFO - Batch 20 - PSNR: 19.3227, SSIM: 0.5348
2025-09-19 18:23:48,324 - INFO - Batch 30 - PSNR: 18.9407, SSIM: 0.5384
2025-09-19 18:23:56,129 - INFO - Batch 40 - PSNR: 18.3717, SSIM: 0.5843
2025-09-19 18:24:03,939 - INFO - Batch 50 - PSNR: 19.2565, SSIM: 0.5989
2025-09-19 18:24:09,229 - INFO - train G Loss: 4.4323, D Loss: 0.3737
2025-09-19 18:24:09,490 - INFO - Saved checkpoint at epoch 20
2025-09-19 18:24:53,001 - INFO - val G Loss: 15.5842, D Loss: 27.0574
2025-09-19 18:25:36,520 - INFO - test G Loss: 6.8724, D Loss: 50.0000
2025-09-19 18:25:36,595 - INFO - Ensemble Variance: 0.1775
2025-09-19 18:25:36,650 - INFO - Saved inference image to inferences
2025-09-19 18:25:36,651 - INFO - Epoch 21/50
2025-09-19 18:25:37,678 - INFO - Batch 0 - PSNR: 17.1101, SSIM: 0.3350
2025-09-19 18:25:45,481 - INFO - Batch 10 - PSNR: 2.4477, SSIM: 0.2281
2025-09-19 18:25:53,277 - INFO - Batch 20 - PSNR: 20.2513, SSIM: 0.6696
2025-09-19 18:26:01,065 - INFO - Batch 30 - PSNR: 2.9358, SSIM: 0.2323
2025-09-19 18:26:08,874 - INFO - Batch 40 - PSNR: 19.9717, SSIM: 0.3089
2025-09-19 18:26:16,672 - INFO - Batch 50 - PSNR: 3.3139, SSIM: 0.1725
2025-09-19 18:26:21,957 - INFO - train G Loss: 4.6134, D Loss: 0.4605
2025-09-19 18:27:05,249 - INFO - val G Loss: 4.0402, D Loss: 0.8358
2025-09-19 18:27:48,517 - INFO - test G Loss: 2.4976, D Loss: 0.5070
2025-09-19 18:27:48,586 - INFO - Ensemble Variance: 0.0295
2025-09-19 18:27:48,636 - INFO - Saved inference image to inferences
2025-09-19 18:27:48,637 - INFO - Epoch 22/50
2025-09-19 18:27:49,637 - INFO - Batch 0 - PSNR: 19.4185, SSIM: 0.3027
2025-09-19 18:27:57,490 - INFO - Batch 10 - PSNR: 22.1307, SSIM: 0.3860
2025-09-19 18:28:05,300 - INFO - Batch 20 - PSNR: 22.3638, SSIM: 0.3579
2025-09-19 18:28:13,103 - INFO - Batch 30 - PSNR: 18.1308, SSIM: 0.4048
2025-09-19 18:28:20,911 - INFO - Batch 40 - PSNR: 19.5751, SSIM: 0.1736
2025-09-19 18:28:28,726 - INFO - Batch 50 - PSNR: 15.3618, SSIM: 0.2670
2025-09-19 18:28:34,005 - INFO - train G Loss: 4.4808, D Loss: 0.3075
2025-09-19 18:29:17,277 - INFO - val G Loss: 4.8205, D Loss: 48.3094
2025-09-19 18:30:00,535 - INFO - test G Loss: 4.6452, D Loss: 50.0000
2025-09-19 18:30:00,605 - INFO - Ensemble Variance: 0.0301
2025-09-19 18:30:00,660 - INFO - Saved inference image to inferences
2025-09-19 18:30:00,661 - INFO - Epoch 23/50
2025-09-19 18:30:01,657 - INFO - Batch 0 - PSNR: 19.3510, SSIM: 0.3067
2025-09-19 18:30:09,452 - INFO - Batch 10 - PSNR: 3.6984, SSIM: 0.2324
2025-09-19 18:30:17,242 - INFO - Batch 20 - PSNR: 16.4257, SSIM: 0.4122
2025-09-19 18:30:25,037 - INFO - Batch 30 - PSNR: 13.4582, SSIM: 0.1343
2025-09-19 18:30:32,855 - INFO - Batch 40 - PSNR: 15.0403, SSIM: 0.2911
2025-09-19 18:30:40,654 - INFO - Batch 50 - PSNR: 17.0908, SSIM: 0.5711
2025-09-19 18:30:45,924 - INFO - train G Loss: 4.5930, D Loss: 0.3335
2025-09-19 18:31:29,174 - INFO - val G Loss: 15.3639, D Loss: 0.7076
2025-09-19 18:32:12,385 - INFO - test G Loss: 6.6232, D Loss: 0.0000
2025-09-19 18:32:12,456 - INFO - Ensemble Variance: 0.1370
2025-09-19 18:32:12,503 - INFO - Saved inference image to inferences
2025-09-19 18:32:12,505 - INFO - Epoch 24/50
2025-09-19 18:32:13,502 - INFO - Batch 0 - PSNR: 15.1683, SSIM: 0.1722
2025-09-19 18:32:21,317 - INFO - Batch 10 - PSNR: 3.0725, SSIM: 0.1792
2025-09-19 18:32:29,103 - INFO - Batch 20 - PSNR: 2.5873, SSIM: 0.1849
2025-09-19 18:32:36,907 - INFO - Batch 30 - PSNR: 15.0510, SSIM: 0.5806
2025-09-19 18:32:44,707 - INFO - Batch 40 - PSNR: 15.3868, SSIM: 0.5326
2025-09-19 18:32:52,518 - INFO - Batch 50 - PSNR: 21.4216, SSIM: 0.4316
2025-09-19 18:32:57,807 - INFO - train G Loss: 5.5142, D Loss: 0.4458
2025-09-19 18:33:41,078 - INFO - val G Loss: 6.3102, D Loss: 44.0287
2025-09-19 18:34:24,346 - INFO - test G Loss: 5.2100, D Loss: 50.0000
2025-09-19 18:34:24,412 - INFO - Ensemble Variance: 0.0556
2025-09-19 18:34:24,476 - INFO - Saved inference image to inferences
2025-09-19 18:34:24,477 - INFO - Epoch 25/50
2025-09-19 18:34:25,468 - INFO - Batch 0 - PSNR: 16.9970, SSIM: 0.5388
2025-09-19 18:34:33,275 - INFO - Batch 10 - PSNR: 3.0967, SSIM: 0.2505
2025-09-19 18:34:41,083 - INFO - Batch 20 - PSNR: 14.9306, SSIM: 0.7187
2025-09-19 18:34:48,900 - INFO - Batch 30 - PSNR: 3.8499, SSIM: 0.2037
2025-09-19 18:34:56,699 - INFO - Batch 40 - PSNR: 17.8978, SSIM: 0.5533
2025-09-19 18:35:04,501 - INFO - Batch 50 - PSNR: 3.4262, SSIM: 0.2286
2025-09-19 18:35:09,797 - INFO - train G Loss: 5.7828, D Loss: 0.6399
2025-09-19 18:35:10,059 - INFO - Saved checkpoint at epoch 25
2025-09-19 18:35:53,534 - INFO - val G Loss: 104.1534, D Loss: 45.7018
2025-09-19 18:36:37,024 - INFO - test G Loss: 103.3850, D Loss: 47.4121
2025-09-19 18:36:37,104 - INFO - Ensemble Variance: 0.0122
2025-09-19 18:36:37,249 - INFO - Saved inference image to inferences
2025-09-19 18:36:37,252 - INFO - Epoch 26/50
2025-09-19 18:36:38,284 - INFO - Batch 0 - PSNR: 2.7182, SSIM: 0.2661
2025-09-19 18:36:46,081 - INFO - Batch 10 - PSNR: 19.3657, SSIM: 0.4331
2025-09-19 18:36:53,869 - INFO - Batch 20 - PSNR: 19.1144, SSIM: 0.3373
2025-09-19 18:37:01,757 - INFO - Batch 30 - PSNR: 19.3929, SSIM: 0.7117
2025-09-19 18:37:09,376 - INFO - Batch 40 - PSNR: 17.0201, SSIM: 0.7609
2025-09-19 18:37:16,920 - INFO - Batch 50 - PSNR: 2.5379, SSIM: 0.2369
2025-09-19 18:37:22,107 - INFO - train G Loss: 4.6130, D Loss: 0.3703
2025-09-19 18:38:07,121 - INFO - val G Loss: 97.0909, D Loss: 49.1174
2025-09-19 18:38:52,155 - INFO - test G Loss: 104.4965, D Loss: 50.0000
2025-09-19 18:38:52,207 - INFO - Ensemble Variance: 0.0000
2025-09-19 18:38:52,233 - INFO - Saved inference image to inferences
2025-09-19 18:38:52,233 - INFO - Epoch 27/50
2025-09-19 18:38:53,152 - INFO - Batch 0 - PSNR: 15.9467, SSIM: 0.5145
2025-09-19 18:39:01,150 - INFO - Batch 10 - PSNR: 12.0188, SSIM: 0.4063
2025-09-19 18:39:09,131 - INFO - Batch 20 - PSNR: 4.1973, SSIM: 0.4205
2025-09-19 18:39:17,101 - INFO - Batch 30 - PSNR: 18.9623, SSIM: 0.6892
2025-09-19 18:39:25,064 - INFO - Batch 40 - PSNR: 14.3984, SSIM: 0.8272
2025-09-19 18:39:33,034 - INFO - Batch 50 - PSNR: 15.1166, SSIM: 0.6011
2025-09-19 18:39:38,517 - INFO - train G Loss: 5.4044, D Loss: 0.4495
2025-09-19 18:40:23,808 - INFO - val G Loss: 105.2706, D Loss: 48.2921
2025-09-19 18:41:09,153 - INFO - test G Loss: 106.2574, D Loss: 50.0000
2025-09-19 18:41:09,202 - INFO - Ensemble Variance: 0.0382
2025-09-19 18:41:09,235 - INFO - Saved inference image to inferences
2025-09-19 18:41:09,235 - INFO - Epoch 28/50
2025-09-19 18:41:10,163 - INFO - Batch 0 - PSNR: 3.1463, SSIM: 0.3444
2025-09-19 18:41:18,230 - INFO - Batch 10 - PSNR: 16.1746, SSIM: 0.8214
2025-09-19 18:41:26,289 - INFO - Batch 20 - PSNR: 17.8062, SSIM: 0.2848
2025-09-19 18:41:34,346 - INFO - Batch 30 - PSNR: 16.0079, SSIM: 0.7752
2025-09-19 18:41:42,391 - INFO - Batch 40 - PSNR: 15.5193, SSIM: 0.8432
2025-09-19 18:41:50,442 - INFO - Batch 50 - PSNR: 4.5454, SSIM: 0.4038
2025-09-19 18:41:55,984 - INFO - train G Loss: 4.9946, D Loss: 0.2860
2025-09-19 18:42:40,882 - INFO - val G Loss: 105.5452, D Loss: 49.1638
2025-09-19 18:43:25,893 - INFO - test G Loss: 108.4799, D Loss: 50.0000
2025-09-19 18:43:25,947 - INFO - Ensemble Variance: 0.0283
2025-09-19 18:43:25,975 - INFO - Saved inference image to inferences
2025-09-19 18:43:25,975 - INFO - Epoch 29/50
2025-09-19 18:43:26,907 - INFO - Batch 0 - PSNR: 19.2794, SSIM: 0.7224
2025-09-19 18:43:34,965 - INFO - Batch 10 - PSNR: 5.5634, SSIM: 0.3343
2025-09-19 18:43:43,027 - INFO - Batch 20 - PSNR: 20.1738, SSIM: 0.2939
2025-09-19 18:43:51,073 - INFO - Batch 30 - PSNR: 2.9491, SSIM: 0.2937
2025-09-19 18:43:59,126 - INFO - Batch 40 - PSNR: 15.1868, SSIM: 0.7450
2025-09-19 18:44:06,966 - INFO - Batch 50 - PSNR: 15.6577, SSIM: 0.6626
2025-09-19 18:44:12,247 - INFO - train G Loss: 5.4953, D Loss: 0.5440
2025-09-19 18:44:55,479 - INFO - val G Loss: 7.2845, D Loss: 48.5797
2025-09-19 18:45:38,741 - INFO - test G Loss: 3.6699, D Loss: 50.0000
2025-09-19 18:45:38,791 - INFO - Ensemble Variance: 0.0022
2025-09-19 18:45:38,876 - INFO - Saved inference image to inferences
2025-09-19 18:45:38,876 - INFO - Epoch 30/50
2025-09-19 18:45:39,767 - INFO - Batch 0 - PSNR: 17.9485, SSIM: 0.3178
2025-09-19 18:45:47,470 - INFO - Batch 10 - PSNR: 16.2646, SSIM: 0.5890
2025-09-19 18:45:55,166 - INFO - Batch 20 - PSNR: 17.1671, SSIM: 0.6978
2025-09-19 18:46:02,851 - INFO - Batch 30 - PSNR: 17.8395, SSIM: 0.2708
2025-09-19 18:46:10,517 - INFO - Batch 40 - PSNR: 22.1939, SSIM: 0.3114
2025-09-19 18:46:18,192 - INFO - Batch 50 - PSNR: 18.6777, SSIM: 0.2832
2025-09-19 18:46:23,458 - INFO - train G Loss: 4.5889, D Loss: 0.4038
2025-09-19 18:46:23,639 - INFO - Saved checkpoint at epoch 30
2025-09-19 18:47:06,895 - INFO - val G Loss: 7.8648, D Loss: 46.2978
2025-09-19 18:47:50,235 - INFO - test G Loss: 3.3215, D Loss: 50.0000
2025-09-19 18:47:50,289 - INFO - Ensemble Variance: 0.0016
2025-09-19 18:47:50,381 - INFO - Saved inference image to inferences
2025-09-19 18:47:50,382 - INFO - Epoch 31/50
2025-09-19 18:47:51,290 - INFO - Batch 0 - PSNR: 3.6615, SSIM: 0.2804
2025-09-19 18:47:58,976 - INFO - Batch 10 - PSNR: 16.1915, SSIM: 0.4939
2025-09-19 18:48:06,679 - INFO - Batch 20 - PSNR: 2.2970, SSIM: 0.1926
2025-09-19 18:48:14,348 - INFO - Batch 30 - PSNR: 14.0431, SSIM: 0.1779
2025-09-19 18:48:22,018 - INFO - Batch 40 - PSNR: 19.3999, SSIM: 0.5381
2025-09-19 18:48:29,695 - INFO - Batch 50 - PSNR: 18.1447, SSIM: 0.5188
2025-09-19 18:48:34,974 - INFO - train G Loss: 4.9837, D Loss: 0.7498
2025-09-19 18:49:18,272 - INFO - val G Loss: 4.0550, D Loss: 48.5842
2025-09-19 18:50:01,645 - INFO - test G Loss: 3.3307, D Loss: 50.0000
2025-09-19 18:50:01,696 - INFO - Ensemble Variance: 0.0013
2025-09-19 18:50:01,797 - INFO - Saved inference image to inferences
2025-09-19 18:50:01,797 - INFO - Epoch 32/50
2025-09-19 18:50:02,687 - INFO - Batch 0 - PSNR: 16.2175, SSIM: 0.3770
2025-09-19 18:50:10,371 - INFO - Batch 10 - PSNR: 3.4902, SSIM: 0.2339
2025-09-19 18:50:18,044 - INFO - Batch 20 - PSNR: 15.8494, SSIM: 0.4659
2025-09-19 18:50:25,724 - INFO - Batch 30 - PSNR: 16.3398, SSIM: 0.5619
2025-09-19 18:50:33,398 - INFO - Batch 40 - PSNR: 17.1744, SSIM: 0.5865
2025-09-19 18:50:41,073 - INFO - Batch 50 - PSNR: 21.7104, SSIM: 0.3762
2025-09-19 18:50:46,353 - INFO - train G Loss: 4.7692, D Loss: 0.9592
2025-09-19 18:51:29,602 - INFO - val G Loss: 103.8634, D Loss: 47.8038
2025-09-19 18:52:12,860 - INFO - test G Loss: 105.4344, D Loss: 50.0000
2025-09-19 18:52:12,914 - INFO - Ensemble Variance: 0.0060
2025-09-19 18:52:12,981 - INFO - Saved inference image to inferences
2025-09-19 18:52:12,981 - INFO - Epoch 33/50
2025-09-19 18:52:13,869 - INFO - Batch 0 - PSNR: 2.1424, SSIM: 0.1527
2025-09-19 18:52:21,533 - INFO - Batch 10 - PSNR: 17.0049, SSIM: 0.5548
2025-09-19 18:52:29,199 - INFO - Batch 20 - PSNR: 3.7646, SSIM: 0.2984
2025-09-19 18:52:36,856 - INFO - Batch 30 - PSNR: 21.4147, SSIM: 0.2866
2025-09-19 18:52:44,531 - INFO - Batch 40 - PSNR: 17.5478, SSIM: 0.2120
2025-09-19 18:52:52,203 - INFO - Batch 50 - PSNR: 17.3533, SSIM: 0.5474
2025-09-19 18:52:57,475 - INFO - train G Loss: 4.6601, D Loss: 0.4781
2025-09-19 18:53:40,652 - INFO - val G Loss: 105.8554, D Loss: 49.1517
2025-09-19 18:54:23,808 - INFO - test G Loss: 104.4415, D Loss: 50.0000
2025-09-19 18:54:23,859 - INFO - Ensemble Variance: 0.0203
2025-09-19 18:54:23,940 - INFO - Saved inference image to inferences
2025-09-19 18:54:23,940 - INFO - Epoch 34/50
2025-09-19 18:54:24,829 - INFO - Batch 0 - PSNR: 3.8743, SSIM: 0.3574
2025-09-19 18:54:32,501 - INFO - Batch 10 - PSNR: 15.1899, SSIM: 0.1987
2025-09-19 18:54:40,171 - INFO - Batch 20 - PSNR: 19.0762, SSIM: 0.6687
2025-09-19 18:54:47,857 - INFO - Batch 30 - PSNR: 14.8196, SSIM: 0.7118
2025-09-19 18:54:55,551 - INFO - Batch 40 - PSNR: 19.2080, SSIM: 0.2610
2025-09-19 18:55:03,251 - INFO - Batch 50 - PSNR: 21.2263, SSIM: 0.2756
2025-09-19 18:55:08,544 - INFO - train G Loss: 4.8068, D Loss: 0.4079
2025-09-19 18:55:51,851 - INFO - val G Loss: 83.9130, D Loss: 41.5063
2025-09-19 18:56:35,041 - INFO - test G Loss: 104.3108, D Loss: 50.0000
2025-09-19 18:56:35,092 - INFO - Ensemble Variance: 0.0788
2025-09-19 18:56:35,156 - INFO - Saved inference image to inferences
2025-09-19 18:56:35,156 - INFO - Epoch 35/50
2025-09-19 18:56:36,045 - INFO - Batch 0 - PSNR: 10.5911, SSIM: 0.0654
2025-09-19 18:56:43,735 - INFO - Batch 10 - PSNR: 11.2105, SSIM: 0.0996
2025-09-19 18:56:51,397 - INFO - Batch 20 - PSNR: 4.7674, SSIM: 0.0961
2025-09-19 18:56:59,073 - INFO - Batch 30 - PSNR: 3.6243, SSIM: 0.0787
2025-09-19 18:57:06,759 - INFO - Batch 40 - PSNR: 13.7414, SSIM: 0.1236
2025-09-19 18:57:14,443 - INFO - Batch 50 - PSNR: 16.1875, SSIM: 0.0793
2025-09-19 18:57:19,741 - INFO - train G Loss: 4.9880, D Loss: 0.8071
2025-09-19 18:57:19,932 - INFO - Saved checkpoint at epoch 35
2025-09-19 18:58:03,323 - INFO - val G Loss: 4.6134, D Loss: 48.4352
2025-09-19 18:58:46,670 - INFO - test G Loss: 3.1371, D Loss: 50.0000
2025-09-19 18:58:46,724 - INFO - Ensemble Variance: 0.0016
2025-09-19 18:58:46,817 - INFO - Saved inference image to inferences
2025-09-19 18:58:46,817 - INFO - Epoch 36/50
2025-09-19 18:58:47,722 - INFO - Batch 0 - PSNR: 16.4584, SSIM: 0.1159
2025-09-19 18:58:55,400 - INFO - Batch 10 - PSNR: 4.3427, SSIM: 0.1475
2025-09-19 18:59:03,079 - INFO - Batch 20 - PSNR: 20.3975, SSIM: 0.1890
2025-09-19 18:59:10,753 - INFO - Batch 30 - PSNR: 19.0707, SSIM: 0.2740
2025-09-19 18:59:18,421 - INFO - Batch 40 - PSNR: 14.7772, SSIM: 0.4216
2025-09-19 18:59:26,108 - INFO - Batch 50 - PSNR: 17.8180, SSIM: 0.1924
2025-09-19 18:59:31,386 - INFO - train G Loss: 4.6265, D Loss: 0.6560
2025-09-19 19:00:14,623 - INFO - val G Loss: 83.2564, D Loss: 46.6115
2025-09-19 19:00:57,906 - INFO - test G Loss: 103.0921, D Loss: 49.9978
2025-09-19 19:00:57,957 - INFO - Ensemble Variance: 0.0008
2025-09-19 19:00:58,066 - INFO - Saved inference image to inferences
2025-09-19 19:00:58,067 - INFO - Epoch 37/50
2025-09-19 19:00:58,965 - INFO - Batch 0 - PSNR: 14.7166, SSIM: 0.4298
2025-09-19 19:01:06,675 - INFO - Batch 10 - PSNR: 13.4148, SSIM: 0.3482
2025-09-19 19:01:14,379 - INFO - Batch 20 - PSNR: 3.3512, SSIM: 0.1982
2025-09-19 19:01:22,080 - INFO - Batch 30 - PSNR: 19.5629, SSIM: 0.2836
2025-09-19 19:01:29,802 - INFO - Batch 40 - PSNR: 3.8205, SSIM: 0.2854
2025-09-19 19:01:37,491 - INFO - Batch 50 - PSNR: 4.9721, SSIM: 0.2829
2025-09-19 19:01:42,785 - INFO - train G Loss: 4.2171, D Loss: 0.3691
2025-09-19 19:02:26,025 - INFO - val G Loss: 96.0255, D Loss: 48.2033
2025-09-19 19:03:09,261 - INFO - test G Loss: 104.6270, D Loss: 50.0000
2025-09-19 19:03:09,309 - INFO - Ensemble Variance: 0.0056
2025-09-19 19:03:09,379 - INFO - Saved inference image to inferences
2025-09-19 19:03:09,379 - INFO - Epoch 38/50
2025-09-19 19:03:10,274 - INFO - Batch 0 - PSNR: 15.4900, SSIM: 0.5132
2025-09-19 19:03:17,975 - INFO - Batch 10 - PSNR: 14.2684, SSIM: 0.3856
2025-09-19 19:03:25,675 - INFO - Batch 20 - PSNR: 20.2977, SSIM: 0.3113
2025-09-19 19:03:33,382 - INFO - Batch 30 - PSNR: 14.8422, SSIM: 0.1674
2025-09-19 19:03:41,081 - INFO - Batch 40 - PSNR: 4.8599, SSIM: 0.3049
2025-09-19 19:03:48,779 - INFO - Batch 50 - PSNR: 14.7039, SSIM: 0.1422
2025-09-19 19:03:54,070 - INFO - train G Loss: 4.0224, D Loss: 0.5896
2025-09-19 19:04:37,371 - INFO - val G Loss: 93.5877, D Loss: 48.4416
2025-09-19 19:05:20,678 - INFO - test G Loss: 103.1973, D Loss: 50.0000
2025-09-19 19:05:20,729 - INFO - Ensemble Variance: 0.0009
2025-09-19 19:05:20,826 - INFO - Saved inference image to inferences
2025-09-19 19:05:20,827 - INFO - Epoch 39/50
2025-09-19 19:05:21,722 - INFO - Batch 0 - PSNR: 19.3072, SSIM: 0.4757
2025-09-19 19:05:29,399 - INFO - Batch 10 - PSNR: 21.5428, SSIM: 0.5408
2025-09-19 19:05:37,079 - INFO - Batch 20 - PSNR: 3.4101, SSIM: 0.2373
2025-09-19 19:05:44,778 - INFO - Batch 30 - PSNR: 17.9896, SSIM: 0.1928
2025-09-19 19:05:52,458 - INFO - Batch 40 - PSNR: 19.0325, SSIM: 0.1748
2025-09-19 19:06:00,152 - INFO - Batch 50 - PSNR: 16.8738, SSIM: 0.4007
2025-09-19 19:06:05,433 - INFO - train G Loss: 3.5341, D Loss: 0.5218
2025-09-19 19:06:48,681 - INFO - val G Loss: 22.3750, D Loss: 44.7405
2025-09-19 19:07:31,952 - INFO - test G Loss: 5.5655, D Loss: 50.0000
2025-09-19 19:07:32,004 - INFO - Ensemble Variance: 0.0757
2025-09-19 19:07:32,087 - INFO - Saved inference image to inferences
2025-09-19 19:07:32,087 - INFO - Epoch 40/50
2025-09-19 19:07:32,980 - INFO - Batch 0 - PSNR: 25.1531, SSIM: 0.4272
2025-09-19 19:07:40,675 - INFO - Batch 10 - PSNR: 25.9366, SSIM: 0.4756
2025-09-19 19:07:48,353 - INFO - Batch 20 - PSNR: 1.0977, SSIM: 0.1911
2025-09-19 19:07:56,030 - INFO - Batch 30 - PSNR: 16.8257, SSIM: 0.2736
2025-09-19 19:08:03,707 - INFO - Batch 40 - PSNR: 25.3209, SSIM: 0.6317
2025-09-19 19:08:11,374 - INFO - Batch 50 - PSNR: 2.6692, SSIM: 0.2569
2025-09-19 19:08:16,635 - INFO - train G Loss: 4.4194, D Loss: 0.6075
2025-09-19 19:08:16,811 - INFO - Saved checkpoint at epoch 40
2025-09-19 19:09:00,097 - INFO - val G Loss: 24.4683, D Loss: 24.8503
2025-09-19 19:09:43,395 - INFO - test G Loss: 4.3252, D Loss: 8.5598
2025-09-19 19:09:43,448 - INFO - Ensemble Variance: 0.0879
2025-09-19 19:09:43,488 - INFO - Saved inference image to inferences
2025-09-19 19:09:43,488 - INFO - Epoch 41/50
2025-09-19 19:09:44,387 - INFO - Batch 0 - PSNR: 2.2952, SSIM: 0.1446
2025-09-19 19:09:52,087 - INFO - Batch 10 - PSNR: 16.2346, SSIM: 0.1255
2025-09-19 19:09:59,779 - INFO - Batch 20 - PSNR: 16.0470, SSIM: 0.1957
2025-09-19 19:10:07,478 - INFO - Batch 30 - PSNR: 15.1808, SSIM: 0.3220
2025-09-19 19:10:15,151 - INFO - Batch 40 - PSNR: 15.2121, SSIM: 0.2840
2025-09-19 19:10:22,832 - INFO - Batch 50 - PSNR: 15.5192, SSIM: 0.2879
2025-09-19 19:10:28,114 - INFO - train G Loss: 4.8845, D Loss: 1.0722
2025-09-19 19:11:11,431 - INFO - val G Loss: 3.9618, D Loss: 49.1662
2025-09-19 19:11:54,721 - INFO - test G Loss: 3.2428, D Loss: 50.0000
2025-09-19 19:11:54,773 - INFO - Ensemble Variance: 0.0009
2025-09-19 19:11:54,946 - INFO - Saved inference image to inferences
2025-09-19 19:11:54,948 - INFO - Epoch 42/50
2025-09-19 19:11:55,846 - INFO - Batch 0 - PSNR: 16.2306, SSIM: 0.1480
2025-09-19 19:12:03,513 - INFO - Batch 10 - PSNR: 16.3591, SSIM: 0.4051
2025-09-19 19:12:11,180 - INFO - Batch 20 - PSNR: 16.3648, SSIM: 0.3684
2025-09-19 19:12:18,855 - INFO - Batch 30 - PSNR: 2.3216, SSIM: 0.1987
2025-09-19 19:12:26,546 - INFO - Batch 40 - PSNR: 16.0613, SSIM: 0.3457
2025-09-19 19:12:34,227 - INFO - Batch 50 - PSNR: 18.3819, SSIM: 0.3358
2025-09-19 19:12:39,523 - INFO - train G Loss: 3.6179, D Loss: 0.4399
2025-09-19 19:13:22,884 - INFO - val G Loss: 3.5198, D Loss: 48.3294
2025-09-19 19:14:06,144 - INFO - test G Loss: 3.1534, D Loss: 50.0000
2025-09-19 19:14:06,197 - INFO - Ensemble Variance: 0.0009
2025-09-19 19:14:06,320 - INFO - Saved inference image to inferences
2025-09-19 19:14:06,320 - INFO - Epoch 43/50
2025-09-19 19:14:07,207 - INFO - Batch 0 - PSNR: 16.0058, SSIM: 0.4250
2025-09-19 19:14:14,875 - INFO - Batch 10 - PSNR: 17.7909, SSIM: 0.5204
2025-09-19 19:14:22,523 - INFO - Batch 20 - PSNR: 21.2164, SSIM: 0.6101
2025-09-19 19:14:30,192 - INFO - Batch 30 - PSNR: 20.1078, SSIM: 0.5999
2025-09-19 19:14:37,884 - INFO - Batch 40 - PSNR: 19.0722, SSIM: 0.2071
2025-09-19 19:14:45,569 - INFO - Batch 50 - PSNR: 16.3767, SSIM: 0.5299
2025-09-19 19:14:50,845 - INFO - train G Loss: 3.7397, D Loss: 0.5602
2025-09-19 19:15:34,123 - INFO - val G Loss: 5.8730, D Loss: 46.0527
2025-09-19 19:16:17,408 - INFO - test G Loss: 1.9368, D Loss: 50.0000
2025-09-19 19:16:17,459 - INFO - Ensemble Variance: 0.0024
2025-09-19 19:16:17,537 - INFO - Saved inference image to inferences
2025-09-19 19:16:17,537 - INFO - Epoch 44/50
2025-09-19 19:16:18,426 - INFO - Batch 0 - PSNR: 4.3159, SSIM: 0.2188
2025-09-19 19:16:26,081 - INFO - Batch 10 - PSNR: 4.9661, SSIM: 0.2221
2025-09-19 19:16:33,743 - INFO - Batch 20 - PSNR: 17.0423, SSIM: 0.3175
2025-09-19 19:16:41,415 - INFO - Batch 30 - PSNR: 17.0694, SSIM: 0.3641
2025-09-19 19:16:49,100 - INFO - Batch 40 - PSNR: 3.9912, SSIM: 0.2222
2025-09-19 19:16:56,782 - INFO - Batch 50 - PSNR: 4.4496, SSIM: 0.2166
2025-09-19 19:17:02,059 - INFO - train G Loss: 3.9712, D Loss: 0.5676
2025-09-19 19:17:45,300 - INFO - val G Loss: 2.4084, D Loss: 49.1659
2025-09-19 19:18:28,537 - INFO - test G Loss: 1.8109, D Loss: 50.0000
2025-09-19 19:18:28,589 - INFO - Ensemble Variance: 0.0387
2025-09-19 19:18:28,651 - INFO - Saved inference image to inferences
2025-09-19 19:18:28,651 - INFO - Epoch 45/50
2025-09-19 19:18:29,545 - INFO - Batch 0 - PSNR: 20.9328, SSIM: 0.3381
2025-09-19 19:18:37,240 - INFO - Batch 10 - PSNR: 19.5174, SSIM: 0.2034
2025-09-19 19:18:44,937 - INFO - Batch 20 - PSNR: 16.9771, SSIM: 0.3696
2025-09-19 19:18:52,633 - INFO - Batch 30 - PSNR: 16.3883, SSIM: 0.4973
2025-09-19 19:19:00,313 - INFO - Batch 40 - PSNR: 17.3585, SSIM: 0.5444
2025-09-19 19:19:07,997 - INFO - Batch 50 - PSNR: 18.6343, SSIM: 0.6653
2025-09-19 19:19:13,274 - INFO - train G Loss: 3.5759, D Loss: 0.2924
2025-09-19 19:19:13,455 - INFO - Saved checkpoint at epoch 45
2025-09-19 19:19:56,782 - INFO - val G Loss: 22.9015, D Loss: 51.2417
2025-09-19 19:20:40,055 - INFO - test G Loss: 1.6355, D Loss: 50.0000
2025-09-19 19:20:40,108 - INFO - Ensemble Variance: 0.1219
2025-09-19 19:20:40,145 - INFO - Saved inference image to inferences
2025-09-19 19:20:40,145 - INFO - Epoch 46/50
2025-09-19 19:20:41,042 - INFO - Batch 0 - PSNR: 8.9408, SSIM: 0.0148
2025-09-19 19:20:48,737 - INFO - Batch 10 - PSNR: 2.5713, SSIM: 0.1191
2025-09-19 19:20:56,421 - INFO - Batch 20 - PSNR: 3.1259, SSIM: 0.1474
2025-09-19 19:21:04,105 - INFO - Batch 30 - PSNR: 11.7396, SSIM: 0.0398
2025-09-19 19:21:11,777 - INFO - Batch 40 - PSNR: 13.3569, SSIM: 0.0588
2025-09-19 19:21:19,472 - INFO - Batch 50 - PSNR: 14.9618, SSIM: 0.0653
2025-09-19 19:21:24,762 - INFO - train G Loss: 3.4021, D Loss: 0.3046
2025-09-19 19:22:08,083 - INFO - val G Loss: 25.7469, D Loss: 40.6136
2025-09-19 19:22:51,365 - INFO - test G Loss: 3.5674, D Loss: 50.0000
2025-09-19 19:22:51,416 - INFO - Ensemble Variance: 0.0012
2025-09-19 19:22:51,517 - INFO - Saved inference image to inferences
2025-09-19 19:22:51,518 - INFO - Epoch 47/50
2025-09-19 19:22:52,414 - INFO - Batch 0 - PSNR: 15.1824, SSIM: 0.1710
2025-09-19 19:23:00,108 - INFO - Batch 10 - PSNR: 16.2517, SSIM: 0.1081
2025-09-19 19:23:07,807 - INFO - Batch 20 - PSNR: 14.0340, SSIM: 0.1113
2025-09-19 19:23:15,495 - INFO - Batch 30 - PSNR: 14.8869, SSIM: 0.1873
2025-09-19 19:23:23,174 - INFO - Batch 40 - PSNR: 4.3663, SSIM: 0.2210
2025-09-19 19:23:30,866 - INFO - Batch 50 - PSNR: 14.8700, SSIM: 0.3791
2025-09-19 19:23:36,145 - INFO - train G Loss: 4.8327, D Loss: 1.3115
2025-09-19 19:24:19,453 - INFO - val G Loss: 5.0433, D Loss: 47.2526
2025-09-19 19:25:02,684 - INFO - test G Loss: 3.1335, D Loss: 50.0000
2025-09-19 19:25:02,733 - INFO - Ensemble Variance: 0.0007
2025-09-19 19:25:02,814 - INFO - Saved inference image to inferences
2025-09-19 19:25:02,814 - INFO - Epoch 48/50
2025-09-19 19:25:03,704 - INFO - Batch 0 - PSNR: 2.7493, SSIM: 0.2035
2025-09-19 19:25:11,386 - INFO - Batch 10 - PSNR: 16.7377, SSIM: 0.1980
2025-09-19 19:25:19,067 - INFO - Batch 20 - PSNR: 13.1884, SSIM: 0.1703
2025-09-19 19:25:26,748 - INFO - Batch 30 - PSNR: 16.8684, SSIM: 0.4357
2025-09-19 19:25:34,425 - INFO - Batch 40 - PSNR: 3.8353, SSIM: 0.2799
2025-09-19 19:25:42,095 - INFO - Batch 50 - PSNR: 14.9376, SSIM: 0.3557
2025-09-19 19:25:47,372 - INFO - train G Loss: 3.7171, D Loss: 0.4624
2025-09-19 19:26:30,594 - INFO - val G Loss: 4.9655, D Loss: 41.7916
2025-09-19 19:27:13,837 - INFO - test G Loss: 3.6942, D Loss: 50.0000
2025-09-19 19:27:13,888 - INFO - Ensemble Variance: 0.0166
2025-09-19 19:27:13,930 - INFO - Saved inference image to inferences
2025-09-19 19:27:13,931 - INFO - Epoch 49/50
2025-09-19 19:27:14,823 - INFO - Batch 0 - PSNR: 16.1693, SSIM: 0.2059
2025-09-19 19:27:22,512 - INFO - Batch 10 - PSNR: 18.0125, SSIM: 0.3685
2025-09-19 19:27:30,204 - INFO - Batch 20 - PSNR: 14.7716, SSIM: 0.4311
2025-09-19 19:27:37,908 - INFO - Batch 30 - PSNR: 14.2376, SSIM: 0.3982
2025-09-19 19:27:45,598 - INFO - Batch 40 - PSNR: 18.9846, SSIM: 0.1903
2025-09-19 19:27:53,298 - INFO - Batch 50 - PSNR: 13.7789, SSIM: 0.4637
2025-09-19 19:27:58,593 - INFO - train G Loss: 4.1111, D Loss: 0.3064
2025-09-19 19:28:41,936 - INFO - val G Loss: 3.3123, D Loss: 42.7186
2025-09-19 19:29:25,285 - INFO - test G Loss: 3.5671, D Loss: 50.0000
2025-09-19 19:29:25,336 - INFO - Ensemble Variance: 0.0058
2025-09-19 19:29:25,421 - INFO - Saved inference image to inferences
2025-09-19 19:29:25,421 - INFO - Epoch 50/50
2025-09-19 19:29:26,318 - INFO - Batch 0 - PSNR: 17.0306, SSIM: 0.3664
2025-09-19 19:29:34,009 - INFO - Batch 10 - PSNR: 18.5643, SSIM: 0.2229
2025-09-19 19:29:41,702 - INFO - Batch 20 - PSNR: 15.7397, SSIM: 0.4472
2025-09-19 19:29:49,396 - INFO - Batch 30 - PSNR: 16.8170, SSIM: 0.4640
2025-09-19 19:29:57,093 - INFO - Batch 40 - PSNR: 5.4300, SSIM: 0.3055
2025-09-19 19:30:04,792 - INFO - Batch 50 - PSNR: 15.7118, SSIM: 0.2065
2025-09-19 19:30:10,081 - INFO - train G Loss: 4.0887, D Loss: 0.3414
2025-09-19 19:30:10,257 - INFO - Saved checkpoint at epoch 50
2025-09-19 19:30:53,651 - INFO - val G Loss: 8.7271, D Loss: 1.1069
2025-09-19 19:31:37,116 - INFO - test G Loss: 5.2495, D Loss: 0.6005
2025-09-19 19:31:37,168 - INFO - Ensemble Variance: 0.0334
2025-09-19 19:31:37,249 - INFO - Saved inference image to inferences
