2025-09-18 21:41:36,903 - INFO - Epoch 1/50
2025-09-18 21:46:32,018 - INFO - Epoch 1/50
2025-09-18 21:47:21,471 - INFO - Epoch 1/50
2025-09-18 21:47:22,693 - INFO - Batch 0 - PSNR: -1.0470, SSIM: -0.0002, FID: 1731.2921, IP: 50.00%
2025-09-18 21:47:23,809 - INFO - train G Loss: 21.7363, D Loss: 0.4875
2025-09-18 21:47:25,013 - INFO - val G Loss: 11.2352, D Loss: 0.2940
2025-09-18 21:47:26,193 - INFO - test G Loss: 5.9345, D Loss: 0.0926
2025-09-18 21:47:26,209 - INFO - Ensemble Variance: 0.2759
2025-09-18 21:47:26,228 - INFO - Saved inference image to inferences
2025-09-18 21:47:26,228 - INFO - Epoch 2/50
2025-09-18 21:47:27,033 - INFO - Batch 0 - PSNR: 1.4641, SSIM: 0.0020, FID: 1785.6516, IP: 50.00%
2025-09-18 21:47:27,920 - INFO - train G Loss: 13.7783, D Loss: 0.4030
2025-09-18 21:47:28,932 - INFO - val G Loss: 7.4992, D Loss: 1.3197
2025-09-18 21:47:29,945 - INFO - test G Loss: 5.7188, D Loss: 0.0000
2025-09-18 21:47:29,960 - INFO - Ensemble Variance: 0.3309
2025-09-18 21:47:29,965 - INFO - Saved inference image to inferences
2025-09-18 21:47:29,965 - INFO - Epoch 3/50
2025-09-18 21:47:30,707 - INFO - Batch 0 - PSNR: 2.3228, SSIM: 0.0042, FID: 1521.8800, IP: 50.00%
2025-09-18 21:47:31,581 - INFO - train G Loss: 9.2088, D Loss: 0.6346
2025-09-18 21:47:32,590 - INFO - val G Loss: 6.4199, D Loss: 0.8511
2025-09-18 21:47:33,600 - INFO - test G Loss: 5.7746, D Loss: 0.6321
2025-09-18 21:47:33,615 - INFO - Ensemble Variance: 0.0697
2025-09-18 21:47:33,630 - INFO - Saved inference image to inferences
2025-09-18 21:47:33,630 - INFO - Epoch 4/50
2025-09-18 21:47:34,432 - INFO - Batch 0 - PSNR: 3.4275, SSIM: 0.0074, FID: 1425.0566, IP: 50.00%
2025-09-18 21:47:35,308 - INFO - train G Loss: 5.8562, D Loss: 0.3845
2025-09-18 21:47:36,324 - INFO - val G Loss: 5.3727, D Loss: 0.5524
2025-09-18 21:47:37,333 - INFO - test G Loss: 5.6916, D Loss: 0.6906
2025-09-18 21:47:37,349 - INFO - Ensemble Variance: 0.1090
2025-09-18 21:47:37,361 - INFO - Saved inference image to inferences
2025-09-18 21:47:37,361 - INFO - Epoch 5/50
2025-09-18 21:47:38,152 - INFO - Batch 0 - PSNR: 4.5448, SSIM: 0.0092, FID: 1475.8119, IP: 50.00%
2025-09-18 21:47:39,027 - INFO - train G Loss: 4.5787, D Loss: 0.3626
2025-09-18 21:47:39,088 - INFO - Saved checkpoint at epoch 5
2025-09-18 21:47:40,097 - INFO - val G Loss: 8.8703, D Loss: 0.8620
2025-09-18 21:47:41,106 - INFO - test G Loss: 7.1997, D Loss: 0.7742
2025-09-18 21:47:41,121 - INFO - Ensemble Variance: 0.1029
2025-09-18 21:47:41,135 - INFO - Saved inference image to inferences
2025-09-18 21:47:41,135 - INFO - Epoch 6/50
2025-09-18 21:47:41,910 - INFO - Batch 0 - PSNR: 6.0431, SSIM: 0.0245, FID: 1505.2397, IP: 75.00%
2025-09-18 21:47:42,787 - INFO - train G Loss: 3.6264, D Loss: 0.4052
2025-09-18 21:47:43,799 - INFO - val G Loss: 5.0300, D Loss: 0.5656
2025-09-18 21:47:44,813 - INFO - test G Loss: 5.5291, D Loss: 0.8033
2025-09-18 21:47:44,828 - INFO - Ensemble Variance: 0.0431
2025-09-18 21:47:44,842 - INFO - Saved inference image to inferences
2025-09-18 21:47:44,842 - INFO - Epoch 7/50
2025-09-18 21:47:45,609 - INFO - Batch 0 - PSNR: 7.2645, SSIM: 0.0231, FID: 1632.5568, IP: 25.00%
2025-09-18 21:47:46,484 - INFO - train G Loss: 3.2713, D Loss: 0.4129
2025-09-18 21:47:47,495 - INFO - val G Loss: 3.6295, D Loss: 0.5154
2025-09-18 21:47:48,505 - INFO - test G Loss: 4.2526, D Loss: 0.6237
2025-09-18 21:47:48,521 - INFO - Ensemble Variance: 0.0522
2025-09-18 21:47:48,534 - INFO - Saved inference image to inferences
2025-09-18 21:47:48,534 - INFO - Epoch 8/50
2025-09-18 21:47:49,323 - INFO - Batch 0 - PSNR: 9.0243, SSIM: 0.0506, FID: 1640.3496, IP: 50.00%
2025-09-18 21:47:50,198 - INFO - train G Loss: 3.1875, D Loss: 0.4386
2025-09-18 21:47:51,272 - INFO - val G Loss: 5.7310, D Loss: 0.7587
2025-09-18 21:47:52,363 - INFO - test G Loss: 5.6322, D Loss: 0.8429
2025-09-18 21:47:52,377 - INFO - Ensemble Variance: 0.0756
2025-09-18 21:47:52,381 - INFO - Saved inference image to inferences
2025-09-18 21:47:52,381 - INFO - Epoch 9/50
2025-09-18 21:47:53,219 - INFO - Batch 0 - PSNR: 10.9674, SSIM: 0.0946, FID: 1398.3201, IP: 50.00%
2025-09-18 21:47:54,142 - INFO - train G Loss: 3.2529, D Loss: 0.5104
2025-09-18 21:47:55,216 - INFO - val G Loss: 4.6963, D Loss: 0.5646
2025-09-18 21:47:56,286 - INFO - test G Loss: 6.5203, D Loss: 0.7762
2025-09-18 21:47:56,303 - INFO - Ensemble Variance: 0.0293
2025-09-18 21:47:56,317 - INFO - Saved inference image to inferences
2025-09-18 21:47:56,318 - INFO - Epoch 10/50
2025-09-18 21:47:57,114 - INFO - Batch 0 - PSNR: 13.3953, SSIM: 0.0792, FID: 1290.1737, IP: 50.00%
2025-09-18 21:47:58,022 - INFO - train G Loss: 3.1432, D Loss: 0.5939
2025-09-18 21:47:58,081 - INFO - Saved checkpoint at epoch 10
2025-09-18 21:47:59,129 - INFO - val G Loss: 8.2886, D Loss: 0.6505
2025-09-18 21:48:00,181 - INFO - test G Loss: 10.8288, D Loss: 0.6431
2025-09-18 21:48:00,196 - INFO - Ensemble Variance: 0.0203
2025-09-18 21:48:00,207 - INFO - Saved inference image to inferences
2025-09-18 21:48:00,208 - INFO - Epoch 11/50
2025-09-18 21:48:01,008 - INFO - Batch 0 - PSNR: 16.4554, SSIM: 0.1154, FID: 1138.5782, IP: 25.00%
2025-09-18 21:48:01,914 - INFO - train G Loss: 3.5543, D Loss: 0.6763
2025-09-18 21:48:02,965 - INFO - val G Loss: 6.1651, D Loss: 0.6906
2025-09-18 21:48:04,018 - INFO - test G Loss: 5.6421, D Loss: 0.6070
2025-09-18 21:48:04,032 - INFO - Ensemble Variance: 0.0156
2025-09-18 21:48:04,042 - INFO - Saved inference image to inferences
2025-09-18 21:48:04,042 - INFO - Epoch 12/50
2025-09-18 21:48:04,820 - INFO - Batch 0 - PSNR: 18.8081, SSIM: 0.1820, FID: 1344.5787, IP: 50.00%
2025-09-18 21:48:05,726 - INFO - train G Loss: 3.4921, D Loss: 0.6661
2025-09-18 21:48:06,773 - INFO - val G Loss: 5.9423, D Loss: 0.6602
2025-09-18 21:48:07,824 - INFO - test G Loss: 5.7776, D Loss: 0.7547
2025-09-18 21:48:07,839 - INFO - Ensemble Variance: 0.0501
2025-09-18 21:48:07,851 - INFO - Saved inference image to inferences
2025-09-18 21:48:07,851 - INFO - Epoch 13/50
2025-09-18 21:48:08,648 - INFO - Batch 0 - PSNR: 17.6147, SSIM: 0.1645, FID: 1381.2476, IP: 50.00%
2025-09-18 21:48:09,551 - INFO - train G Loss: 3.5597, D Loss: 0.6769
2025-09-18 21:48:10,598 - INFO - val G Loss: 4.6794, D Loss: 0.7148
2025-09-18 21:48:11,649 - INFO - test G Loss: 4.5955, D Loss: 0.7381
2025-09-18 21:48:11,664 - INFO - Ensemble Variance: 0.0148
2025-09-18 21:48:11,670 - INFO - Saved inference image to inferences
2025-09-18 21:48:11,670 - INFO - Epoch 14/50
2025-09-18 21:48:12,444 - INFO - Batch 0 - PSNR: 20.3782, SSIM: 0.2197, FID: 1100.6183, IP: 50.00%
2025-09-18 21:48:13,349 - INFO - train G Loss: 3.4951, D Loss: 0.6473
2025-09-18 21:48:14,405 - INFO - val G Loss: 5.1591, D Loss: 0.8846
2025-09-18 21:48:15,454 - INFO - test G Loss: 5.2173, D Loss: 0.7976
2025-09-18 21:48:15,469 - INFO - Ensemble Variance: 0.0418
2025-09-18 21:48:15,482 - INFO - Saved inference image to inferences
2025-09-18 21:48:15,482 - INFO - Epoch 15/50
2025-09-18 21:48:16,253 - INFO - Batch 0 - PSNR: 18.6967, SSIM: 0.1639, FID: 1658.8259, IP: 50.00%
2025-09-18 21:48:17,155 - INFO - train G Loss: 3.5378, D Loss: 0.6266
2025-09-18 21:48:17,212 - INFO - Saved checkpoint at epoch 15
2025-09-18 21:48:18,254 - INFO - val G Loss: 4.6811, D Loss: 0.6846
2025-09-18 21:48:19,306 - INFO - test G Loss: 4.9372, D Loss: 0.5857
2025-09-18 21:48:19,322 - INFO - Ensemble Variance: 0.0162
2025-09-18 21:48:19,334 - INFO - Saved inference image to inferences
2025-09-18 21:48:19,334 - INFO - Epoch 16/50
2025-09-18 21:48:20,149 - INFO - Batch 0 - PSNR: 20.2545, SSIM: 0.1990, FID: 1454.6121, IP: 50.00%
2025-09-18 21:48:21,055 - INFO - train G Loss: 3.4470, D Loss: 0.6152
2025-09-18 21:48:22,104 - INFO - val G Loss: 4.2444, D Loss: 0.6052
2025-09-18 21:48:23,156 - INFO - test G Loss: 4.4799, D Loss: 0.7043
2025-09-18 21:48:23,172 - INFO - Ensemble Variance: 0.0348
2025-09-18 21:48:23,179 - INFO - Saved inference image to inferences
2025-09-18 21:48:23,180 - INFO - Epoch 17/50
2025-09-18 21:48:23,994 - INFO - Batch 0 - PSNR: 19.3588, SSIM: 0.1631, FID: 1333.1841, IP: 50.00%
2025-09-18 21:48:24,871 - INFO - train G Loss: 3.5058, D Loss: 0.5960
2025-09-18 21:48:25,883 - INFO - val G Loss: 3.9530, D Loss: 0.6451
2025-09-18 21:48:26,893 - INFO - test G Loss: 5.4202, D Loss: 0.6760
2025-09-18 21:48:26,907 - INFO - Ensemble Variance: 0.0489
2025-09-18 21:48:26,920 - INFO - Saved inference image to inferences
2025-09-18 21:48:26,920 - INFO - Epoch 18/50
2025-09-18 21:48:27,710 - INFO - Batch 0 - PSNR: 18.2847, SSIM: 0.1251, FID: 1622.9265, IP: 50.00%
2025-09-18 21:48:28,585 - INFO - train G Loss: 3.5826, D Loss: 0.6072
2025-09-18 21:48:29,594 - INFO - val G Loss: 3.9994, D Loss: 0.5964
2025-09-18 21:48:30,609 - INFO - test G Loss: 5.3147, D Loss: 0.6097
2025-09-18 21:48:30,624 - INFO - Ensemble Variance: 0.0162
2025-09-18 21:48:30,637 - INFO - Saved inference image to inferences
2025-09-18 21:48:30,637 - INFO - Epoch 19/50
2025-09-18 21:48:31,412 - INFO - Batch 0 - PSNR: 18.1044, SSIM: 0.1476, FID: 1617.5757, IP: 50.00%
2025-09-18 21:48:32,289 - INFO - train G Loss: 3.5412, D Loss: 0.5866
2025-09-18 21:48:33,340 - INFO - val G Loss: 6.3226, D Loss: 0.6168
2025-09-18 21:48:34,404 - INFO - test G Loss: 9.9282, D Loss: 0.6128
2025-09-18 21:48:34,418 - INFO - Ensemble Variance: 0.0370
2025-09-18 21:48:34,432 - INFO - Saved inference image to inferences
2025-09-18 21:48:34,432 - INFO - Epoch 20/50
2025-09-18 21:48:35,207 - INFO - Batch 0 - PSNR: 20.4059, SSIM: 0.2191, FID: 1324.6516, IP: 50.00%
2025-09-18 21:48:36,111 - INFO - train G Loss: 3.6646, D Loss: 0.5856
2025-09-18 21:48:36,168 - INFO - Saved checkpoint at epoch 20
2025-09-18 21:48:37,215 - INFO - val G Loss: 3.5671, D Loss: 0.6393
2025-09-18 21:48:38,267 - INFO - test G Loss: 5.4028, D Loss: 0.5911
2025-09-18 21:48:38,286 - INFO - Ensemble Variance: 0.0251
2025-09-18 21:48:38,293 - INFO - Saved inference image to inferences
2025-09-18 21:48:38,293 - INFO - Epoch 21/50
2025-09-18 21:48:39,072 - INFO - Batch 0 - PSNR: 20.6597, SSIM: 0.2022, FID: 984.2832, IP: 75.00%
2025-09-18 21:48:39,978 - INFO - train G Loss: 3.5838, D Loss: 0.5708
2025-09-18 21:48:41,033 - INFO - val G Loss: 6.1502, D Loss: 0.5701
2025-09-18 21:48:42,087 - INFO - test G Loss: 6.0601, D Loss: 0.7145
2025-09-18 21:48:42,102 - INFO - Ensemble Variance: 0.0200
2025-09-18 21:48:42,115 - INFO - Saved inference image to inferences
2025-09-18 21:48:42,115 - INFO - Epoch 22/50
2025-09-18 21:48:42,920 - INFO - Batch 0 - PSNR: 19.1354, SSIM: 0.1789, FID: 1570.1787, IP: 50.00%
2025-09-18 21:48:43,824 - INFO - train G Loss: 3.6625, D Loss: 0.5359
2025-09-18 21:48:44,880 - INFO - val G Loss: 3.8572, D Loss: 0.5296
2025-09-18 21:48:45,933 - INFO - test G Loss: 5.1845, D Loss: 0.7127
2025-09-18 21:48:45,948 - INFO - Ensemble Variance: 0.0465
2025-09-18 21:48:45,961 - INFO - Saved inference image to inferences
2025-09-18 21:48:45,961 - INFO - Epoch 23/50
2025-09-18 21:48:46,753 - INFO - Batch 0 - PSNR: 19.3338, SSIM: 0.1532, FID: 1364.9365, IP: 50.00%
2025-09-18 21:48:47,657 - INFO - train G Loss: 3.4489, D Loss: 0.5411
2025-09-18 21:48:48,705 - INFO - val G Loss: 3.2900, D Loss: 0.7277
2025-09-18 21:48:49,755 - INFO - test G Loss: 4.7026, D Loss: 0.6245
2025-09-18 21:48:49,771 - INFO - Ensemble Variance: 0.0152
2025-09-18 21:48:49,784 - INFO - Saved inference image to inferences
2025-09-18 21:48:49,784 - INFO - Epoch 24/50
2025-09-18 21:48:50,601 - INFO - Batch 0 - PSNR: 19.9466, SSIM: 0.1694, FID: 2037.4124, IP: 75.00%
2025-09-18 21:48:51,506 - INFO - train G Loss: 3.4059, D Loss: 0.5532
2025-09-18 21:48:52,555 - INFO - val G Loss: 3.6202, D Loss: 0.6272
2025-09-18 21:48:53,606 - INFO - test G Loss: 3.7638, D Loss: 0.5537
2025-09-18 21:48:53,622 - INFO - Ensemble Variance: 0.0222
2025-09-18 21:48:53,636 - INFO - Saved inference image to inferences
2025-09-18 21:48:53,636 - INFO - Epoch 25/50
2025-09-18 21:48:54,454 - INFO - Batch 0 - PSNR: 20.3173, SSIM: 0.2124, FID: 1701.7914, IP: 50.00%
2025-09-18 21:48:55,361 - INFO - train G Loss: 3.3684, D Loss: 0.5219
2025-09-18 21:48:55,419 - INFO - Saved checkpoint at epoch 25
2025-09-18 21:48:56,464 - INFO - val G Loss: 4.2037, D Loss: 0.6225
2025-09-18 21:48:57,513 - INFO - test G Loss: 3.4186, D Loss: 0.6164
2025-09-18 21:48:57,528 - INFO - Ensemble Variance: 0.0389
2025-09-18 21:48:57,541 - INFO - Saved inference image to inferences
2025-09-18 21:48:57,541 - INFO - Epoch 26/50
2025-09-18 21:48:58,357 - INFO - Batch 0 - PSNR: 18.2848, SSIM: 0.1661, FID: 1696.0208, IP: 50.00%
2025-09-18 21:48:59,261 - INFO - train G Loss: 3.4625, D Loss: 0.5038
2025-09-18 21:49:00,312 - INFO - val G Loss: 3.6243, D Loss: 0.5525
2025-09-18 21:49:01,364 - INFO - test G Loss: 3.5669, D Loss: 0.7412
2025-09-18 21:49:01,380 - INFO - Ensemble Variance: 0.0183
2025-09-18 21:49:01,387 - INFO - Saved inference image to inferences
2025-09-18 21:49:01,388 - INFO - Epoch 27/50
2025-09-18 21:49:02,172 - INFO - Batch 0 - PSNR: 18.0839, SSIM: 0.1209, FID: 1378.3115, IP: 50.00%
2025-09-18 21:49:03,075 - INFO - train G Loss: 3.4001, D Loss: 0.5016
2025-09-18 21:49:04,127 - INFO - val G Loss: 3.6745, D Loss: 0.6211
2025-09-18 21:49:05,181 - INFO - test G Loss: 5.1382, D Loss: 0.6993
2025-09-18 21:49:05,196 - INFO - Ensemble Variance: 0.0447
2025-09-18 21:49:05,208 - INFO - Saved inference image to inferences
2025-09-18 21:49:05,208 - INFO - Epoch 28/50
2025-09-18 21:49:05,994 - INFO - Batch 0 - PSNR: 17.4745, SSIM: 0.1227, FID: 1829.8809, IP: 50.00%
2025-09-18 21:49:06,905 - INFO - train G Loss: 3.4864, D Loss: 0.4877
2025-09-18 21:49:07,955 - INFO - val G Loss: 4.2966, D Loss: 0.6298
2025-09-18 21:49:09,006 - INFO - test G Loss: 4.7274, D Loss: 0.5875
2025-09-18 21:49:09,022 - INFO - Ensemble Variance: 0.0223
2025-09-18 21:49:09,036 - INFO - Saved inference image to inferences
2025-09-18 21:49:09,036 - INFO - Epoch 29/50
2025-09-18 21:49:09,811 - INFO - Batch 0 - PSNR: 18.7241, SSIM: 0.1710, FID: 1608.4475, IP: 25.00%
2025-09-18 21:49:10,715 - INFO - train G Loss: 3.3167, D Loss: 0.5180
2025-09-18 21:49:11,764 - INFO - val G Loss: 4.0467, D Loss: 0.7627
2025-09-18 21:49:12,815 - INFO - test G Loss: 3.3925, D Loss: 0.6249
2025-09-18 21:49:12,830 - INFO - Ensemble Variance: 0.0255
2025-09-18 21:49:12,841 - INFO - Saved inference image to inferences
2025-09-18 21:49:12,841 - INFO - Epoch 30/50
2025-09-18 21:49:13,627 - INFO - Batch 0 - PSNR: 21.6030, SSIM: 0.2545, FID: 1368.4916, IP: 75.00%
2025-09-18 21:49:14,535 - INFO - train G Loss: 3.2560, D Loss: 0.5401
2025-09-18 21:49:14,600 - INFO - Saved checkpoint at epoch 30
2025-09-18 21:49:15,646 - INFO - val G Loss: 4.1093, D Loss: 0.6303
2025-09-18 21:49:16,701 - INFO - test G Loss: 3.6635, D Loss: 0.7278
2025-09-18 21:49:16,716 - INFO - Ensemble Variance: 0.0230
2025-09-18 21:49:16,724 - INFO - Saved inference image to inferences
2025-09-18 21:49:16,724 - INFO - Epoch 31/50
2025-09-18 21:49:17,485 - INFO - Batch 0 - PSNR: 21.9512, SSIM: 0.2900, FID: 1141.6691, IP: 50.00%
2025-09-18 21:49:18,391 - INFO - train G Loss: 3.2867, D Loss: 0.5640
2025-09-18 21:49:19,444 - INFO - val G Loss: 3.6191, D Loss: 0.5987
2025-09-18 21:49:20,498 - INFO - test G Loss: 6.0743, D Loss: 0.4809
2025-09-18 21:49:20,513 - INFO - Ensemble Variance: 0.0879
2025-09-18 21:49:20,518 - INFO - Saved inference image to inferences
2025-09-18 21:49:20,518 - INFO - Epoch 32/50
2025-09-18 21:49:21,317 - INFO - Batch 0 - PSNR: 20.4428, SSIM: 0.2295, FID: 1470.4990, IP: 25.00%
2025-09-18 21:49:22,223 - INFO - train G Loss: 3.7620, D Loss: 0.5548
2025-09-18 21:49:23,274 - INFO - val G Loss: 5.1400, D Loss: 0.7839
2025-09-18 21:49:24,301 - INFO - test G Loss: 3.8035, D Loss: 0.6000
2025-09-18 21:49:24,317 - INFO - Ensemble Variance: 0.0187
2025-09-18 21:49:24,330 - INFO - Saved inference image to inferences
2025-09-18 21:49:24,330 - INFO - Epoch 33/50
2025-09-18 21:49:25,103 - INFO - Batch 0 - PSNR: 21.4490, SSIM: 0.2398, FID: 1425.9880, IP: 50.00%
2025-09-18 21:49:26,001 - INFO - train G Loss: 3.5814, D Loss: 0.5520
2025-09-18 21:49:27,092 - INFO - val G Loss: 4.2921, D Loss: 0.6323
2025-09-18 21:49:28,169 - INFO - test G Loss: 6.5798, D Loss: 0.6066
2025-09-18 21:49:28,185 - INFO - Ensemble Variance: 0.0029
2025-09-18 21:49:28,189 - INFO - Saved inference image to inferences
2025-09-18 21:49:28,189 - INFO - Epoch 34/50
2025-09-18 21:49:28,983 - INFO - Batch 0 - PSNR: 20.6181, SSIM: 0.2068, FID: 1048.7551, IP: 25.00%
2025-09-18 21:49:29,881 - INFO - train G Loss: 3.6215, D Loss: 0.5517
2025-09-18 21:49:30,908 - INFO - val G Loss: 5.4811, D Loss: 0.6560
2025-09-18 21:49:31,932 - INFO - test G Loss: 4.3622, D Loss: 0.5557
2025-09-18 21:49:31,946 - INFO - Ensemble Variance: 0.0200
2025-09-18 21:49:31,955 - INFO - Saved inference image to inferences
2025-09-18 21:49:31,955 - INFO - Epoch 35/50
2025-09-18 21:49:32,764 - INFO - Batch 0 - PSNR: 19.7387, SSIM: 0.2371, FID: 1388.7139, IP: 50.00%
2025-09-18 21:49:33,665 - INFO - train G Loss: 3.6759, D Loss: 0.5817
2025-09-18 21:49:33,724 - INFO - Saved checkpoint at epoch 35
2025-09-18 21:49:34,763 - INFO - val G Loss: 4.2081, D Loss: 0.6720
2025-09-18 21:49:35,791 - INFO - test G Loss: 3.6557, D Loss: 0.6914
2025-09-18 21:49:35,806 - INFO - Ensemble Variance: 0.0152
2025-09-18 21:49:35,820 - INFO - Saved inference image to inferences
2025-09-18 21:49:35,820 - INFO - Epoch 36/50
2025-09-18 21:49:36,569 - INFO - Batch 0 - PSNR: 22.8568, SSIM: 0.3136, FID: 1265.9805, IP: 50.00%
2025-09-18 21:49:37,446 - INFO - train G Loss: 3.4829, D Loss: 0.5834
2025-09-18 21:49:38,458 - INFO - val G Loss: 4.3393, D Loss: 0.7158
2025-09-18 21:49:39,473 - INFO - test G Loss: 3.1648, D Loss: 0.7727
2025-09-18 21:49:39,489 - INFO - Ensemble Variance: 0.0216
2025-09-18 21:49:39,496 - INFO - Saved inference image to inferences
2025-09-18 21:49:39,496 - INFO - Epoch 37/50
2025-09-18 21:49:40,285 - INFO - Batch 0 - PSNR: 21.8434, SSIM: 0.2755, FID: 1406.4041, IP: 50.00%
2025-09-18 21:49:41,164 - INFO - train G Loss: 3.4768, D Loss: 0.5432
2025-09-18 21:49:42,200 - INFO - val G Loss: 3.5362, D Loss: 0.6287
2025-09-18 21:49:43,245 - INFO - test G Loss: 3.8867, D Loss: 0.5869
2025-09-18 21:49:43,260 - INFO - Ensemble Variance: 0.0192
2025-09-18 21:49:43,275 - INFO - Saved inference image to inferences
2025-09-18 21:49:43,275 - INFO - Epoch 38/50
2025-09-18 21:49:44,040 - INFO - Batch 0 - PSNR: 22.4103, SSIM: 0.3911, FID: 1316.5415, IP: 75.00%
2025-09-18 21:49:44,941 - INFO - train G Loss: 3.4803, D Loss: 0.5481
2025-09-18 21:49:45,960 - INFO - val G Loss: 3.2844, D Loss: 0.6374
2025-09-18 21:49:46,974 - INFO - test G Loss: 3.3028, D Loss: 0.7833
2025-09-18 21:49:46,989 - INFO - Ensemble Variance: 0.0141
2025-09-18 21:49:46,995 - INFO - Saved inference image to inferences
2025-09-18 21:49:46,995 - INFO - Epoch 39/50
2025-09-18 21:49:47,771 - INFO - Batch 0 - PSNR: 21.7376, SSIM: 0.2784, FID: 1536.1853, IP: 50.00%
2025-09-18 21:49:48,647 - INFO - train G Loss: 3.4535, D Loss: 0.5389
2025-09-18 21:49:49,659 - INFO - val G Loss: 3.5231, D Loss: 0.6984
2025-09-18 21:49:50,673 - INFO - test G Loss: 4.9345, D Loss: 0.6507
2025-09-18 21:49:50,691 - INFO - Ensemble Variance: 0.0124
2025-09-18 21:49:50,702 - INFO - Saved inference image to inferences
2025-09-18 21:49:50,702 - INFO - Epoch 40/50
2025-09-18 21:49:51,469 - INFO - Batch 0 - PSNR: 20.6668, SSIM: 0.2247, FID: 1582.2032, IP: 50.00%
2025-09-18 21:49:52,344 - INFO - train G Loss: 3.5905, D Loss: 0.5248
2025-09-18 21:49:52,402 - INFO - Saved checkpoint at epoch 40
2025-09-18 21:49:53,411 - INFO - val G Loss: 3.3716, D Loss: 0.6378
2025-09-18 21:49:54,422 - INFO - test G Loss: 3.7452, D Loss: 0.6592
2025-09-18 21:49:54,437 - INFO - Ensemble Variance: 0.0121
2025-09-18 21:49:54,445 - INFO - Saved inference image to inferences
2025-09-18 21:49:54,445 - INFO - Epoch 41/50
2025-09-18 21:49:55,201 - INFO - Batch 0 - PSNR: 20.0433, SSIM: 0.2385, FID: 1310.3359, IP: 50.00%
2025-09-18 21:49:56,078 - INFO - train G Loss: 3.3684, D Loss: 0.5358
2025-09-18 21:49:57,090 - INFO - val G Loss: 3.2535, D Loss: 0.5935
2025-09-18 21:49:58,102 - INFO - test G Loss: 5.2539, D Loss: 1.0227
2025-09-18 21:49:58,118 - INFO - Ensemble Variance: 0.0125
2025-09-18 21:49:58,132 - INFO - Saved inference image to inferences
2025-09-18 21:49:58,132 - INFO - Epoch 42/50
2025-09-18 21:49:58,944 - INFO - Batch 0 - PSNR: 19.4676, SSIM: 0.1797, FID: 1308.3889, IP: 75.00%
2025-09-18 21:49:59,820 - INFO - train G Loss: 3.6703, D Loss: 0.5435
2025-09-18 21:50:00,832 - INFO - val G Loss: 3.4267, D Loss: 0.6473
2025-09-18 21:50:01,842 - INFO - test G Loss: 2.7779, D Loss: 0.5837
2025-09-18 21:50:01,857 - INFO - Ensemble Variance: 0.0276
2025-09-18 21:50:01,864 - INFO - Saved inference image to inferences
2025-09-18 21:50:01,864 - INFO - Epoch 43/50
2025-09-18 21:50:02,660 - INFO - Batch 0 - PSNR: 19.5427, SSIM: 0.2186, FID: 1328.1011, IP: 75.00%
2025-09-18 21:50:03,536 - INFO - train G Loss: 3.8132, D Loss: 0.5497
2025-09-18 21:50:04,544 - INFO - val G Loss: 4.8269, D Loss: 0.6396
2025-09-18 21:50:05,557 - INFO - test G Loss: 3.8508, D Loss: 0.6324
2025-09-18 21:50:05,575 - INFO - Ensemble Variance: 0.0175
2025-09-18 21:50:05,590 - INFO - Saved inference image to inferences
2025-09-18 21:50:05,590 - INFO - Epoch 44/50
2025-09-18 21:50:06,382 - INFO - Batch 0 - PSNR: 21.1533, SSIM: 0.2485, FID: 1614.8804, IP: 25.00%
2025-09-18 21:50:07,257 - INFO - train G Loss: 3.4454, D Loss: 0.5257
2025-09-18 21:50:08,269 - INFO - val G Loss: 5.4375, D Loss: 0.6282
2025-09-18 21:50:09,278 - INFO - test G Loss: 6.9795, D Loss: 0.9199
2025-09-18 21:50:09,297 - INFO - Ensemble Variance: 0.0122
2025-09-18 21:50:09,311 - INFO - Saved inference image to inferences
2025-09-18 21:50:09,311 - INFO - Epoch 45/50
2025-09-18 21:50:10,097 - INFO - Batch 0 - PSNR: 21.2112, SSIM: 0.2442, FID: 1157.9205, IP: 50.00%
2025-09-18 21:50:10,971 - INFO - train G Loss: 3.8307, D Loss: 0.5202
2025-09-18 21:50:11,027 - INFO - Saved checkpoint at epoch 45
2025-09-18 21:50:12,038 - INFO - val G Loss: 3.5453, D Loss: 0.6673
2025-09-18 21:50:13,050 - INFO - test G Loss: 3.9460, D Loss: 0.6593
2025-09-18 21:50:13,064 - INFO - Ensemble Variance: 0.0144
2025-09-18 21:50:13,077 - INFO - Saved inference image to inferences
2025-09-18 21:50:13,077 - INFO - Epoch 46/50
2025-09-18 21:50:13,845 - INFO - Batch 0 - PSNR: 20.5139, SSIM: 0.3481, FID: 1624.4136, IP: 50.00%
2025-09-18 21:50:14,721 - INFO - train G Loss: 3.6593, D Loss: 0.5248
2025-09-18 21:50:15,733 - INFO - val G Loss: 4.1416, D Loss: 0.6421
2025-09-18 21:50:16,745 - INFO - test G Loss: 3.7775, D Loss: 0.6353
2025-09-18 21:50:16,761 - INFO - Ensemble Variance: 0.0126
2025-09-18 21:50:16,775 - INFO - Saved inference image to inferences
2025-09-18 21:50:16,775 - INFO - Epoch 47/50
2025-09-18 21:50:17,582 - INFO - Batch 0 - PSNR: 20.5624, SSIM: 0.2929, FID: 1473.5486, IP: 25.00%
2025-09-18 21:50:18,458 - INFO - train G Loss: 3.6776, D Loss: 0.4928
2025-09-18 21:50:19,469 - INFO - val G Loss: 3.6869, D Loss: 0.7308
2025-09-18 21:50:20,481 - INFO - test G Loss: 4.5586, D Loss: 0.6042
2025-09-18 21:50:20,495 - INFO - Ensemble Variance: 0.0154
2025-09-18 21:50:20,505 - INFO - Saved inference image to inferences
2025-09-18 21:50:20,505 - INFO - Epoch 48/50
2025-09-18 21:50:21,304 - INFO - Batch 0 - PSNR: 19.3095, SSIM: 0.2581, FID: 1417.6373, IP: 50.00%
2025-09-18 21:50:22,177 - INFO - train G Loss: 3.6581, D Loss: 0.5477
2025-09-18 21:50:23,185 - INFO - val G Loss: 10.9323, D Loss: 1.5296
2025-09-18 21:50:24,197 - INFO - test G Loss: 7.9851, D Loss: 0.7678
2025-09-18 21:50:24,211 - INFO - Ensemble Variance: 0.0326
2025-09-18 21:50:24,215 - INFO - Saved inference image to inferences
2025-09-18 21:50:24,215 - INFO - Epoch 49/50
2025-09-18 21:50:25,001 - INFO - Batch 0 - PSNR: 21.2617, SSIM: 0.2404, FID: 1266.1166, IP: 50.00%
2025-09-18 21:50:25,877 - INFO - train G Loss: 4.3195, D Loss: 0.6477
2025-09-18 21:50:26,887 - INFO - val G Loss: 4.2557, D Loss: 0.6679
2025-09-18 21:50:27,899 - INFO - test G Loss: 3.4251, D Loss: 0.6487
2025-09-18 21:50:27,915 - INFO - Ensemble Variance: 0.0109
2025-09-18 21:50:27,930 - INFO - Saved inference image to inferences
2025-09-18 21:50:27,930 - INFO - Epoch 50/50
2025-09-18 21:50:28,730 - INFO - Batch 0 - PSNR: 20.6290, SSIM: 0.2269, FID: 1692.2578, IP: 75.00%
2025-09-18 21:50:29,607 - INFO - train G Loss: 3.6647, D Loss: 0.5440
2025-09-18 21:50:29,669 - INFO - Saved checkpoint at epoch 50
2025-09-18 21:50:30,680 - INFO - val G Loss: 4.0667, D Loss: 0.7128
2025-09-18 21:50:31,696 - INFO - test G Loss: 4.7039, D Loss: 0.6634
2025-09-18 21:50:31,710 - INFO - Ensemble Variance: 0.0074
2025-09-18 21:50:31,725 - INFO - Saved inference image to inferences
